15.05.2019. 18:46:46 INFO com.example.demo.controller.UserController LOG
15.05.2019. 18:46:48 INFO com.example.demo.controller.UserController User id: 1 LOGSUCCESS
15.05.2019. 18:46:48 INFO com.example.demo.controller.UserController User id: 1 LOGGEDUSER
15.05.2019. 18:46:50 INFO com.example.demo.controller.UserController User id: 1 LOGGEDUSER
15.05.2019. 18:46:53 INFO com.example.demo.controller.UserController User id: 1 LOGGEDUSER
15.05.2019. 18:47:00 INFO com.example.demo.controller.UserController User id: 1 LOGGEDUSER
15.05.2019. 18:47:01 INFO com.example.demo.controller.UserController User id: 1, LOGOUT
15.05.2019. 18:47:21 INFO com.example.demo.controller.UserController REG
15.05.2019. 18:47:21 INFO com.example.demo.controller.UserController REGSUCCESS
15.05.2019. 18:47:28 INFO com.example.demo.controller.UserController LOG
15.05.2019. 18:47:29 INFO com.example.demo.controller.UserController User id: 5 LOGSUCCESS
15.05.2019. 18:47:29 INFO com.example.demo.controller.UserController User id: 5 LOGGEDUSER
15.05.2019. 18:47:30 INFO com.example.demo.controller.UserController User id: 5, CERTUSERSSUCCESS
15.05.2019. 18:47:40 INFO com.example.demo.controller.CertificateController CREATECERT
15.05.2019. 18:47:41 INFO com.example.demo.controller.CertificateController User id: 5,CERTSUCCESS
15.05.2019. 18:47:41 INFO com.example.demo.controller.UserController User id: 5, USERCERT
15.05.2019. 18:47:43 INFO com.example.demo.controller.UserController User id: 5 LOGGEDUSER
15.05.2019. 18:47:47 INFO com.example.demo.controller.UserController User id: 5 LOGGEDUSER
15.05.2019. 18:47:52 INFO com.example.demo.controller.UserController User id: 5 LOGGEDUSER
15.05.2019. 18:47:53 INFO com.example.demo.controller.UserController User id: 5, LOGOUT
15.05.2019. 18:48:08 INFO com.example.demo.controller.UserController LOG
15.05.2019. 18:48:09 INFO com.example.demo.controller.UserController User id: 1 LOGSUCCESS
15.05.2019. 18:48:09 INFO com.example.demo.controller.UserController User id: 1 LOGGEDUSER
15.05.2019. 18:48:10 INFO com.example.demo.controller.UserController User id: 1 LOGGEDUSER
15.05.2019. 18:48:13 INFO com.example.demo.controller.UserController User id: 1 LOGGEDUSER
15.05.2019. 18:48:17 INFO com.example.demo.controller.CertificateController VALCERT
15.05.2019. 18:48:17 INFO com.example.demo.controller.CertificateController User id: 1,VALIDSUCCESS
15.05.2019. 18:48:56 INFO com.example.demo.controller.UserController User id: 1 LOGGEDUSER
15.05.2019. 18:49:06 INFO com.example.demo.controller.UserController User id: 1, LOGOUT
15.05.2019. 18:49:19 INFO com.example.demo.controller.UserController LOG
15.05.2019. 18:49:19 INFO com.example.demo.controller.UserController User id: 5 LOGSUCCESS
15.05.2019. 18:49:19 INFO com.example.demo.controller.UserController User id: 5 LOGGEDUSER
15.05.2019. 18:49:21 INFO com.example.demo.controller.UserController User id: 5 LOGGEDUSER
15.05.2019. 18:49:23 INFO com.example.demo.controller.UserController User id: 5 LOGGEDUSER
